<?xml version="1.0" encoding="UTF-8"?>
<!-- Generated by org.testng.reporters.JUnitReportReporter -->
<testsuite skipped="0" hostname="sonam-PC" name="Resize" tests="1" failures="0" timestamp="06 Jan 2018 08:10:52 GMT" time="0.225" errors="0">
  <testcase name="test" time="0.225" classname="Resize"/>
</testsuite> <!-- Resize -->
